Flutter crash report.
Please report a bug at https://github.com/flutter/flutter/issues.

## command

flutter run -d edge

## exception

RPCError: _flutter.renderFrameWithRasterStats: (-32601) Unknown method "_flutter.renderFrameWithRasterStats".

```
#0      new _OutstandingRequest (package:vm_service/src/vm_service.dart:1742:45)
#1      VmService._call (package:vm_service/src/vm_service.dart:2255:21)
#2      VmService.callServiceExtension (package:vm_service/src/vm_service.dart:2226:14)
#3      VmService.callMethod (package:vm_service/src/vm_service.dart:2208:12)
#4      FlutterVmService.callMethodWrapper (package:flutter_tools/src/vmservice.dart:453:28)
#5      FlutterVmService.renderFrameWithRasterStats (package:flutter_tools/src/vmservice.dart:552:49)
#6      ResidentHandlers.debugFrameJankMetrics (package:flutter_tools/src/resident_runner.dart:692:34)
<asynchronous suspension>
#7      TerminalHandler.processTerminalInput (package:flutter_tools/src/resident_runner.dart:1741:7)
<asynchronous suspension>
```

## flutter doctor

```
[✓] Flutter (Channel beta, 3.1.0-9.0.pre, on Microsoft Windows [Version 10.0.22621.819], locale en-IN)
    • Flutter version 3.1.0-9.0.pre at C:\src\flutter
    • Upstream repository https://github.com/flutter/flutter.git
    • Framework revision f28e570c8c (6 months ago), 2022-06-14 13:39:33 -0500
    • Engine revision 74ee6b5afd
    • Dart version 2.18.0 (build 2.18.0-165.1.beta)
    • DevTools version 2.14.0

[✓] Android toolchain - develop for Android devices (Android SDK version 33.0.0)
    • Android SDK at C:\Users\PRATIKSHA GOSWAMI\AppData\Local\Android\sdk
    • Platform android-33, build-tools 33.0.0
    • Java binary at: C:\Program Files\Android\Android Studio\jre\bin\java
    • Java version OpenJDK Runtime Environment (build 11.0.13+0-b1751.21-8125866)
    • All Android licenses accepted.

[✗] Chrome - develop for the web (Cannot find Chrome executable at .\Google\Chrome\Application\chrome.exe)
    ! Cannot find Chrome. Try setting CHROME_EXECUTABLE to a Chrome executable.

[!] Visual Studio - develop for Windows (Visual Studio Build Tools 2019 16.11.17)
    • Visual Studio at C:\Program Files (x86)\Microsoft Visual Studio\2019\BuildTools
    • Visual Studio Build Tools 2019 version 16.11.32630.194
    ✗ The current Visual Studio installation is incomplete. Please reinstall Visual Studio.

[✓] Android Studio (version 2021.3)
    • Android Studio at C:\Program Files\Android\Android Studio
    • Flutter plugin can be installed from:
      🔨 https://plugins.jetbrains.com/plugin/9212-flutter
    • Dart plugin can be installed from:
      🔨 https://plugins.jetbrains.com/plugin/6351-dart
    • Java version OpenJDK Runtime Environment (build 11.0.13+0-b1751.21-8125866)

[✓] VS Code (version 1.73.1)
    • VS Code at C:\Users\PRATIKSHA GOSWAMI\AppData\Local\Programs\Microsoft VS Code
    • Flutter extension version 3.42.0

[✓] Connected device (2 available)
    • Windows (desktop) • windows • windows-x64    • Microsoft Windows [Version 10.0.22621.819]
    • Edge (web)        • edge    • web-javascript • Microsoft Edge 107.0.1418.62

[✓] HTTP Host Availability
    • All required HTTP hosts are available

! Doctor found issues in 2 categories.
```
